-------------------------------------------------------------------------------
Test set: TestSuite
-------------------------------------------------------------------------------
Tests run: 15, Failures: 9, Errors: 0, Skipped: 5, Time elapsed: 6.878 s <<< FAILURE! - in TestSuite
launchApplication(rahulshettyacademy.tests.SubmitOrderTest)  Time elapsed: 0.416 s  <<< FAILURE!
org.openqa.selenium.remote.NoSuchDriverException: 
Unable to obtain: msedgedriver, error msedgedriver must exist: edge.exe
For documentation on this error, please visit: https://www.selenium.dev/documentation/webdriver/troubleshooting/errors/driver_location/
Build info: version: '4.25.0', revision: '8a8aea2337'
System info: os.name: 'Windows 11', os.arch: 'amd64', os.version: '10.0', java.version: '17.0.11'
Driver info: driver.version: EdgeDriver
Caused by: java.lang.IllegalStateException: msedgedriver must exist: edge.exe

tearDown(rahulshettyacademy.tests.SubmitOrderTest)  Time elapsed: 0.417 s  <<< FAILURE!
java.lang.NullPointerException: Cannot invoke "org.openqa.selenium.WebDriver.close()" because "this.driver" is null

launchApplication(rahulshettyacademy.tests.SubmitOrderTest)  Time elapsed: 0.418 s  <<< FAILURE!
org.openqa.selenium.remote.NoSuchDriverException: 
Unable to obtain: msedgedriver, error msedgedriver must exist: edge.exe
For documentation on this error, please visit: https://www.selenium.dev/documentation/webdriver/troubleshooting/errors/driver_location/
Build info: version: '4.25.0', revision: '8a8aea2337'
System info: os.name: 'Windows 11', os.arch: 'amd64', os.version: '10.0', java.version: '17.0.11'
Driver info: driver.version: EdgeDriver
Caused by: java.lang.IllegalStateException: msedgedriver must exist: edge.exe

tearDown(rahulshettyacademy.tests.SubmitOrderTest)  Time elapsed: 0.419 s  <<< FAILURE!
java.lang.NullPointerException: Cannot invoke "org.openqa.selenium.WebDriver.close()" because "this.driver" is null

runScenario(cucumber.TestNGTestRunner)  Time elapsed: 0.078 s  <<< FAILURE!
org.openqa.selenium.remote.NoSuchDriverException: 
Unable to obtain: msedgedriver, error msedgedriver must exist: edge.exe
For documentation on this error, please visit: https://www.selenium.dev/documentation/webdriver/troubleshooting/errors/driver_location/
Build info: version: '4.25.0', revision: '8a8aea2337'
System info: os.name: 'Windows 11', os.arch: 'amd64', os.version: '10.0', java.version: '17.0.11'
Driver info: driver.version: EdgeDriver
Caused by: java.lang.IllegalStateException: msedgedriver must exist: edge.exe

launchApplication(rahulshettyacademy.tests.ErrorValidationsTest)  Time elapsed: 0.112 s  <<< FAILURE!
org.openqa.selenium.remote.NoSuchDriverException: 
Unable to obtain: msedgedriver, error msedgedriver must exist: edge.exe
For documentation on this error, please visit: https://www.selenium.dev/documentation/webdriver/troubleshooting/errors/driver_location/
Build info: version: '4.25.0', revision: '8a8aea2337'
System info: os.name: 'Windows 11', os.arch: 'amd64', os.version: '10.0', java.version: '17.0.11'
Driver info: driver.version: EdgeDriver
Caused by: java.lang.IllegalStateException: msedgedriver must exist: edge.exe

tearDown(rahulshettyacademy.tests.ErrorValidationsTest)  Time elapsed: 0.112 s  <<< FAILURE!
java.lang.NullPointerException: Cannot invoke "org.openqa.selenium.WebDriver.close()" because "this.driver" is null

launchApplication(rahulshettyacademy.tests.ErrorValidationsTest)  Time elapsed: 0.115 s  <<< FAILURE!
org.openqa.selenium.remote.NoSuchDriverException: 
Unable to obtain: msedgedriver, error msedgedriver must exist: edge.exe
For documentation on this error, please visit: https://www.selenium.dev/documentation/webdriver/troubleshooting/errors/driver_location/
Build info: version: '4.25.0', revision: '8a8aea2337'
System info: os.name: 'Windows 11', os.arch: 'amd64', os.version: '10.0', java.version: '17.0.11'
Driver info: driver.version: EdgeDriver
Caused by: java.lang.IllegalStateException: msedgedriver must exist: edge.exe

tearDown(rahulshettyacademy.tests.ErrorValidationsTest)  Time elapsed: 0.115 s  <<< FAILURE!
java.lang.NullPointerException: Cannot invoke "org.openqa.selenium.WebDriver.close()" because "this.driver" is null

