<?xml version="1.0" encoding="UTF-8"?>
<testng-results ignored="0" total="1" passed="1" failed="0" skipped="0">
  <reporter-output>
  </reporter-output>
  <suite started-at="2025-11-23T14:38:18Z" name="Default suite" finished-at="2025-11-23T14:38:22Z" duration-ms="4239">
    <groups>
    </groups>
    <test started-at="2025-11-23T14:38:18Z" name="Default test" finished-at="2025-11-23T14:38:22Z" duration-ms="4239">
      <class name="rahulshettyacademy.tests.LoginTest">
        <test-method is-config="true" signature="setup()[pri:0, instance:rahulshettyacademy.tests.LoginTest@210ab13f]" started-at="2025-11-23T14:38:18Z" name="setup" finished-at="2025-11-23T14:38:20Z" duration-ms="1781" status="PASS">
          <reporter-output>
          </reporter-output>
        </test-method> <!-- setup -->
        <test-method signature="testCheckboxSelection()[pri:0, instance:rahulshettyacademy.tests.LoginTest@210ab13f]" started-at="2025-11-23T14:38:20Z" name="testCheckboxSelection" finished-at="2025-11-23T14:38:22Z" duration-ms="2442" status="PASS">
          <reporter-output>
          </reporter-output>
        </test-method> <!-- testCheckboxSelection -->
        <test-method is-config="true" signature="teardown()[pri:0, instance:rahulshettyacademy.tests.LoginTest@210ab13f]" started-at="2025-11-23T14:38:22Z" name="teardown" finished-at="2025-11-23T14:38:22Z" duration-ms="0" status="PASS">
          <reporter-output>
          </reporter-output>
        </test-method> <!-- teardown -->
      </class> <!-- rahulshettyacademy.tests.LoginTest -->
    </test> <!-- Default test -->
  </suite> <!-- Default suite -->
</testng-results>
