<?xml version="1.0" encoding="UTF-8"?>
<testng-results ignored="0" total="1" passed="1" failed="0" skipped="0">
  <reporter-output>
  </reporter-output>
  <suite started-at="2026-03-29T09:55:58Z" name="Default suite" finished-at="2026-03-29T09:56:06Z" duration-ms="7703">
    <groups>
    </groups>
    <test started-at="2026-03-29T09:55:58Z" name="Default test" finished-at="2026-03-29T09:56:06Z" duration-ms="7703">
      <class name="rahulshettyacademy.tests.LoginTest">
        <test-method is-config="true" signature="setup()[pri:0, instance:rahulshettyacademy.tests.LoginTest@210ab13f]" started-at="2026-03-29T09:55:58Z" name="setup" finished-at="2026-03-29T09:56:03Z" duration-ms="5298" status="PASS">
          <reporter-output>
          </reporter-output>
        </test-method> <!-- setup -->
        <test-method signature="testCheckboxSelection()[pri:0, instance:rahulshettyacademy.tests.LoginTest@210ab13f]" started-at="2026-03-29T09:56:03Z" name="testCheckboxSelection" finished-at="2026-03-29T09:56:06Z" duration-ms="2390" status="PASS">
          <reporter-output>
          </reporter-output>
        </test-method> <!-- testCheckboxSelection -->
        <test-method is-config="true" signature="teardown()[pri:0, instance:rahulshettyacademy.tests.LoginTest@210ab13f]" started-at="2026-03-29T09:56:06Z" name="teardown" finished-at="2026-03-29T09:56:06Z" duration-ms="0" status="PASS">
          <reporter-output>
          </reporter-output>
        </test-method> <!-- teardown -->
      </class> <!-- rahulshettyacademy.tests.LoginTest -->
    </test> <!-- Default test -->
  </suite> <!-- Default suite -->
</testng-results>
